<?xml version="1.0" encoding="UTF-8"?>
<!-- Generated by org.testng.reporters.JUnitReportReporter -->
<testsuite skipped="1" hostname="Sujith-Reddy-MacBook-Air.local" name="com.mobile.testscripts.alertViews.SampleTest" tests="2" failures="0" timestamp="2020-12-24T20:32:49 IST" time="0.035" errors="0">
  <testcase name="retrycheck" time="0.034" classname="com.mobile.testscripts.alertViews.SampleTest">
    <skipped/>
  </testcase> <!-- retrycheck -->
  <testcase name="retrycheck" time="0.001" classname="com.mobile.testscripts.alertViews.SampleTest"/>
</testsuite> <!-- com.mobile.testscripts.alertViews.SampleTest -->
