<?xml version="1.0" encoding="UTF-8"?>
<!-- Generated by org.testng.reporters.JUnitReportReporter -->
<testsuite skipped="0" hostname="Sujith-Reddy-MacBook-Air.local" name="com.appium.utils.CommonAppiumUtils" tests="1" failures="0" timestamp="2020-12-24T16:02:02 IST" time="13.385" errors="0">
  <testcase name="BaseClasee" time="13.385" classname="com.appium.utils.CommonAppiumUtils"/>
</testsuite> <!-- com.appium.utils.CommonAppiumUtils -->
