<?xml version="1.0" encoding="UTF-8"?>
<!-- Generated by org.testng.reporters.JUnitReportReporter -->
<testsuite skipped="0" hostname="Sujith-Reddy-MacBook-Air.local" name="com.mobile.testscripts.segmentedControls.SettingsCustomSegments" tests="2" failures="0" timestamp="2020-12-25T23:22:24 IST" time="17.423" errors="1">
  <testcase name="tearDown" time="10.226" classname="com.mobile.testscripts.segmentedControls.SettingsCustomSegments">
    <error type="org.openqa.selenium.UnsupportedCommandException" message="Method is not implemented
Build info: version: &#039;3.141.59&#039;, revision: &#039;e82be7d358&#039;, time: &#039;2018-11-14T08:17:03&#039;
System info: host: &#039;Sujith-Reddy-MacBook-Air.local&#039;, ip: &#039;fe80:0:0:0:42:89fd:4198:c5a8%en0&#039;, os.name: &#039;Mac OS X&#039;, os.arch: &#039;x86_64&#039;, os.version: &#039;10.15.3&#039;, java.version: &#039;1.8.0_241&#039;
Driver info: io.appium.java_client.ios.IOSDriver
Capabilities {app: /Users/saisujith-Tech/Docum..., browserName: , bundleId: com.example.apple-samplecod..., databaseEnabled: false, deviceName: iPhone 11 Pro Max, fullReset: false, javascriptEnabled: true, locationContextEnabled: false, networkConnectionEnabled: false, noReset: true, platform: MAC, platformName: iOS, platformVersion: 13.3, takesScreenshot: true, udid: CF867F6C-67DB-4395-8AEE-7FF..., webStorageEnabled: false}
Session ID: c4341601-e405-4d18-863f-8513b8810ca4">
      <![CDATA[org.openqa.selenium.UnsupportedCommandException: Method is not implemented
Build info: version: '3.141.59', revision: 'e82be7d358', time: '2018-11-14T08:17:03'
System info: host: 'Sujith-Reddy-MacBook-Air.local', ip: 'fe80:0:0:0:42:89fd:4198:c5a8%en0', os.name: 'Mac OS X', os.arch: 'x86_64', os.version: '10.15.3', java.version: '1.8.0_241'
Driver info: io.appium.java_client.ios.IOSDriver
Capabilities {app: /Users/saisujith-Tech/Docum..., browserName: , bundleId: com.example.apple-samplecod..., databaseEnabled: false, deviceName: iPhone 11 Pro Max, fullReset: false, javascriptEnabled: true, locationContextEnabled: false, networkConnectionEnabled: false, noReset: true, platform: MAC, platformName: iOS, platformVersion: 13.3, takesScreenshot: true, udid: CF867F6C-67DB-4395-8AEE-7FF..., webStorageEnabled: false}
Session ID: c4341601-e405-4d18-863f-8513b8810ca4
at sun.reflect.NativeConstructorAccessorImpl.newInstance0(Native Method)
at sun.reflect.NativeConstructorAccessorImpl.newInstance(NativeConstructorAccessorImpl.java:62)
at sun.reflect.DelegatingConstructorAccessorImpl.newInstance(DelegatingConstructorAccessorImpl.java:45)
at java.lang.reflect.Constructor.newInstance(Constructor.java:423)
at org.openqa.selenium.remote.http.W3CHttpResponseCodec.createException(W3CHttpResponseCodec.java:187)
at org.openqa.selenium.remote.http.W3CHttpResponseCodec.decode(W3CHttpResponseCodec.java:122)
at org.openqa.selenium.remote.http.W3CHttpResponseCodec.decode(W3CHttpResponseCodec.java:49)
at org.openqa.selenium.remote.HttpCommandExecutor.execute(HttpCommandExecutor.java:158)
at io.appium.java_client.remote.AppiumCommandExecutor.execute(AppiumCommandExecutor.java:247)
at org.openqa.selenium.remote.RemoteWebDriver.execute(RemoteWebDriver.java:552)
at io.appium.java_client.DefaultGenericMobileDriver.execute(DefaultGenericMobileDriver.java:45)
at io.appium.java_client.AppiumDriver.execute(AppiumDriver.java:1)
at io.appium.java_client.ios.IOSDriver.execute(IOSDriver.java:1)
at org.openqa.selenium.remote.RemoteWebDriver.close(RemoteWebDriver.java:442)
at com.mobile.appiumUtils.CommonAppiumUtils.tearDown(CommonAppiumUtils.java:75)
at sun.reflect.NativeMethodAccessorImpl.invoke0(Native Method)
at sun.reflect.NativeMethodAccessorImpl.invoke(NativeMethodAccessorImpl.java:62)
at sun.reflect.DelegatingMethodAccessorImpl.invoke(DelegatingMethodAccessorImpl.java:43)
at java.lang.reflect.Method.invoke(Method.java:498)
at org.testng.internal.MethodInvocationHelper.invokeMethod(MethodInvocationHelper.java:133)
at org.testng.internal.MethodInvocationHelper.invokeMethodConsideringTimeout(MethodInvocationHelper.java:62)
at org.testng.internal.ConfigInvoker.invokeConfigurationMethod(ConfigInvoker.java:340)
at org.testng.internal.ConfigInvoker.invokeConfigurations(ConfigInvoker.java:294)
at org.testng.internal.TestInvoker.runConfigMethods(TestInvoker.java:683)
at org.testng.internal.TestInvoker.runAfterGroupsConfigurations(TestInvoker.java:658)
at org.testng.internal.TestInvoker.invokeMethod(TestInvoker.java:642)
at org.testng.internal.TestInvoker.invokeTestMethod(TestInvoker.java:172)
at org.testng.internal.MethodRunner.runInSequence(MethodRunner.java:46)
at org.testng.internal.TestInvoker$MethodInvocationAgent.invoke(TestInvoker.java:804)
at org.testng.internal.TestInvoker.invokeTestMethods(TestInvoker.java:145)
at org.testng.internal.TestMethodWorker.invokeTestMethods(TestMethodWorker.java:146)
at org.testng.internal.TestMethodWorker.run(TestMethodWorker.java:128)
at java.util.ArrayList.forEach(ArrayList.java:1257)
at org.testng.TestRunner.privateRun(TestRunner.java:770)
at org.testng.TestRunner.run(TestRunner.java:591)
at org.testng.SuiteRunner.runTest(SuiteRunner.java:402)
at org.testng.SuiteRunner.runSequentially(SuiteRunner.java:396)
at org.testng.SuiteRunner.privateRun(SuiteRunner.java:355)
at org.testng.SuiteRunner.run(SuiteRunner.java:304)
at org.testng.SuiteRunnerWorker.runSuite(SuiteRunnerWorker.java:53)
at org.testng.SuiteRunnerWorker.run(SuiteRunnerWorker.java:96)
at org.testng.TestNG.runSuitesSequentially(TestNG.java:1180)
at org.testng.TestNG.runSuitesLocally(TestNG.java:1102)
at org.testng.TestNG.runSuites(TestNG.java:1032)
at org.testng.TestNG.run(TestNG.java:1000)
at org.testng.remote.AbstractRemoteTestNG.run(AbstractRemoteTestNG.java:115)
at org.testng.remote.RemoteTestNG.initAndRun(RemoteTestNG.java:251)
at org.testng.remote.RemoteTestNG.main(RemoteTestNG.java:77)
]]>
    </error>
  </testcase> <!-- tearDown -->
  <testcase name="VerifyToolSegmentControls" time="7.197" classname="com.mobile.testscripts.segmentedControls.SettingsCustomSegments"/>
</testsuite> <!-- com.mobile.testscripts.segmentedControls.SettingsCustomSegments -->
